# JRE version: OpenJDK Runtime Environment (11.0.12+7) (build 11.0.12+7-b1504.28-7817840)
# Java VM: OpenJDK 64-Bit Server VM (11.0.12+7-b1504.28-7817840, mixed mode, tiered, compressed oops, g1 gc, windows-amd64)
Heap:
 garbage-first heap   total 165888K, used 105611K [0x0000000080000000, 0x0000000100000000)
  region size 1024K, 48 young (49152K), 5 survivors (5120K)
 Metaspace       used 50256K, capacity 51542K, committed 51840K, reserved 1093632K
  class space    used 6464K, capacity 6946K, committed 7040K, reserved 1048576K
GC Heap History (20 events):
Event: 21.431 GC heap before
{Heap before GC invocations=24 (full 0):
 garbage-first heap   total 114688K, used 93672K [0x0000000080000000, 0x0000000100000000)
  region size 1024K, 44 young (45056K), 5 survivors (5120K)
 Metaspace       used 49626K, capacity 50852K, committed 50944K, reserved 1093632K
  class space    used 6423K, capacity 6890K, committed 6912K, reserved 1048576K
}
Event: 21.443 GC heap after
{Heap after GC invocations=25 (full 0):
 garbage-first heap   total 138240K, used 54850K [0x0000000080000000, 0x0000000100000000)
  region size 1024K, 4 young (4096K), 4 survivors (4096K)
 Metaspace       used 49626K, capacity 50852K, committed 50944K, reserved 1093632K
  class space    used 6423K, capacity 6890K, committed 6912K, reserved 1048576K
}
Event: 22.087 GC heap before
{Heap before GC invocations=25 (full 0):
 garbage-first heap   total 138240K, used 111170K [0x0000000080000000, 0x0000000100000000)
  region size 1024K, 52 young (53248K), 4 survivors (4096K)
 Metaspace       used 50017K, capacity 51349K, committed 51584K, reserved 1093632K
  class space    used 6463K, capacity 6946K, committed 7040K, reserved 1048576K
}
Event: 22.093 GC heap after
{Heap after GC invocations=26 (full 0):
 garbage-first heap   total 138240K, used 60413K [0x0000000080000000, 0x0000000100000000)
  region size 1024K, 5 young (5120K), 5 survivors (5120K)
 Metaspace       used 50017K, capacity 51349K, committed 51584K, reserved 1093632K
  class space    used 6463K, capacity 6946K, committed 7040K, reserved 1048576K
}
Event: 22.373 GC heap before
{Heap before GC invocations=26 (full 0):
 garbage-first heap   total 138240K, used 107517K [0x0000000080000000, 0x0000000100000000)
  region size 1024K, 52 young (53248K), 5 survivors (5120K)
 Metaspace       used 50027K, capacity 51349K, committed 51584K, reserved 1093632K
  class space    used 6463K, capacity 6946K, committed 7040K, reserved 1048576K
}
Event: 22.378 GC heap after
{Heap after GC invocations=27 (full 0):
 garbage-first heap   total 138240K, used 60815K [0x0000000080000000, 0x0000000100000000)
  region size 1024K, 4 young (4096K), 4 survivors (4096K)
 Metaspace       used 50027K, capacity 51349K, committed 51584K, reserved 1093632K
  class space    used 6463K, capacity 6946K, committed 7040K, reserved 1048576K
}
Event: 22.651 GC heap before
{Heap before GC invocations=27 (full 0):
 garbage-first heap   total 138240K, used 107919K [0x0000000080000000, 0x0000000100000000)
  region size 1024K, 51 young (52224K), 4 survivors (4096K)
 Metaspace       used 50204K, capacity 51477K, committed 51584K, reserved 1093632K
  class space    used 6463K, capacity 6946K, committed 7040K, reserved 1048576K
}
Event: 22.655 GC heap after
{Heap after GC invocations=28 (full 0):
 garbage-first heap   total 138240K, used 60609K [0x0000000080000000, 0x0000000100000000)
  region size 1024K, 4 young (4096K), 4 survivors (4096K)
 Metaspace       used 50204K, capacity 51477K, committed 51584K, reserved 1093632K
  class space    used 6463K, capacity 6946K, committed 7040K, reserved 1048576K
}
Event: 22.827 GC heap before
{Heap before GC invocations=28 (full 0):
 garbage-first heap   total 138240K, used 109761K [0x0000000080000000, 0x0000000100000000)
  region size 1024K, 53 young (54272K), 4 survivors (4096K)
 Metaspace       used 50240K, capacity 51542K, committed 51840K, reserved 1093632K
  class space    used 6463K, capacity 6946K, committed 7040K, reserved 1048576K
}
Event: 22.830 GC heap after
{Heap after GC invocations=29 (full 0):
 garbage-first heap   total 138240K, used 60540K [0x0000000080000000, 0x0000000100000000)
  region size 1024K, 3 young (3072K), 3 survivors (3072K)
 Metaspace       used 50240K, capacity 51542K, committed 51840K, reserved 1093632K
  class space    used 6463K, capacity 6946K, committed 7040K, reserved 1048576K
}
Event: 23.032 GC heap before
{Heap before GC invocations=29 (full 0):
 garbage-first heap   total 138240K, used 111740K [0x0000000080000000, 0x0000000100000000)
  region size 1024K, 54 young (55296K), 3 survivors (3072K)
 Metaspace       used 50244K, capacity 51542K, committed 51840K, reserved 1093632K
  class space    used 6463K, capacity 6946K, committed 7040K, reserved 1048576K
}
Event: 23.036 GC heap after
{Heap after GC invocations=30 (full 0):
 garbage-first heap   total 138240K, used 60831K [0x0000000080000000, 0x0000000100000000)
  region size 1024K, 4 young (4096K), 4 survivors (4096K)
 Metaspace       used 50244K, capacity 51542K, committed 51840K, reserved 1093632K
  class space    used 6463K, capacity 6946K, committed 7040K, reserved 1048576K
}
Event: 23.275 GC heap before
{Heap before GC invocations=30 (full 0):
 garbage-first heap   total 138240K, used 113055K [0x0000000080000000, 0x0000000100000000)
  region size 1024K, 55 young (56320K), 4 survivors (4096K)
 Metaspace       used 50246K, capacity 51542K, committed 51840K, reserved 1093632K
  class space    used 6463K, capacity 6946K, committed 7040K, reserved 1048576K
}
Event: 23.278 GC heap after
{Heap after GC invocations=31 (full 0):
 garbage-first heap   total 138240K, used 61254K [0x0000000080000000, 0x0000000100000000)
  region size 1024K, 4 young (4096K), 4 survivors (4096K)
 Metaspace       used 50246K, capacity 51542K, committed 51840K, reserved 1093632K
  class space    used 6463K, capacity 6946K, committed 7040K, reserved 1048576K
}
Event: 23.444 GC heap before
{Heap before GC invocations=31 (full 0):
 garbage-first heap   total 138240K, used 114502K [0x0000000080000000, 0x0000000100000000)
  region size 1024K, 56 young (57344K), 4 survivors (4096K)
 Metaspace       used 50252K, capacity 51542K, committed 51840K, reserved 1093632K
  class space    used 6464K, capacity 6946K, committed 7040K, reserved 1048576K
}
Event: 23.447 GC heap after
{Heap after GC invocations=32 (full 0):
 garbage-first heap   total 138240K, used 61787K [0x0000000080000000, 0x0000000100000000)
  region size 1024K, 5 young (5120K), 5 survivors (5120K)
 Metaspace       used 50252K, capacity 51542K, committed 51840K, reserved 1093632K
  class space    used 6464K, capacity 6946K, committed 7040K, reserved 1048576K
}
Event: 23.621 GC heap before
{Heap before GC invocations=32 (full 0):
 garbage-first heap   total 138240K, used 114011K [0x0000000080000000, 0x0000000100000000)
  region size 1024K, 57 young (58368K), 5 survivors (5120K)
 Metaspace       used 50253K, capacity 51542K, committed 51840K, reserved 1093632K
  class space    used 6464K, capacity 6946K, committed 7040K, reserved 1048576K
}
Event: 23.625 GC heap after
{Heap after GC invocations=33 (full 0):
 garbage-first heap   total 138240K, used 61983K [0x0000000080000000, 0x0000000100000000)
  region size 1024K, 5 young (5120K), 5 survivors (5120K)
 Metaspace       used 50253K, capacity 51542K, committed 51840K, reserved 1093632K
  class space    used 6464K, capacity 6946K, committed 7040K, reserved 1048576K
}
Event: 23.788 GC heap before
{Heap before GC invocations=33 (full 0):
 garbage-first heap   total 138240K, used 114207K [0x0000000080000000, 0x0000000100000000)
  region size 1024K, 57 young (58368K), 5 survivors (5120K)
 Metaspace       used 50256K, capacity 51542K, committed 51840K, reserved 1093632K
  class space    used 6464K, capacity 6946K, committed 7040K, reserved 1048576K
}
Event: 23.793 GC heap after
{Heap after GC invocations=34 (full 0):
 garbage-first heap   total 165888K, used 62603K [0x0000000080000000, 0x0000000100000000)
  region size 1024K, 5 young (5120K), 5 survivors (5120K)
 Metaspace       used 50256K, capacity 51542K, committed 51840K, reserved 1093632K
  class space    used 6464K, capacity 6946K, committed 7040K, reserved 1048576K
}

