# JRE version: OpenJDK Runtime Environment (11.0.12+7) (build 11.0.12+7-b1504.28-7817840)
# Java VM: OpenJDK 64-Bit Server VM (11.0.12+7-b1504.28-7817840, mixed mode, tiered, compressed oops, g1 gc, windows-amd64)
Heap:
 garbage-first heap   total 199680K, used 60758K [0x0000000080000000, 0x0000000100000000)
  region size 1024K, 4 young (4096K), 4 survivors (4096K)
 Metaspace       used 49843K, capacity 51080K, committed 51276K, reserved 1093632K
  class space    used 6420K, capacity 6883K, committed 6988K, reserved 1048576K
GC Heap History (20 events):
Event: 66.605 GC heap after
{Heap after GC invocations=26 (full 0):
 garbage-first heap   total 138240K, used 57804K [0x0000000080000000, 0x0000000100000000)
  region size 1024K, 1 young (1024K), 1 survivors (1024K)
 Metaspace       used 49689K, capacity 50971K, committed 51276K, reserved 1093632K
  class space    used 6397K, capacity 6869K, committed 6988K, reserved 1048576K
}
Event: 67.089 GC heap before
{Heap before GC invocations=27 (full 0):
 garbage-first heap   total 138240K, used 104908K [0x0000000080000000, 0x0000000100000000)
  region size 1024K, 47 young (48128K), 1 survivors (1024K)
 Metaspace       used 49689K, capacity 50971K, committed 51276K, reserved 1093632K
  class space    used 6397K, capacity 6869K, committed 6988K, reserved 1048576K
}
Event: 67.092 GC heap after
{Heap after GC invocations=28 (full 0):
 garbage-first heap   total 138240K, used 58063K [0x0000000080000000, 0x0000000100000000)
  region size 1024K, 1 young (1024K), 1 survivors (1024K)
 Metaspace       used 49689K, capacity 50971K, committed 51276K, reserved 1093632K
  class space    used 6397K, capacity 6869K, committed 6988K, reserved 1048576K
}
Event: 67.578 GC heap before
{Heap before GC invocations=28 (full 0):
 garbage-first heap   total 138240K, used 107215K [0x0000000080000000, 0x0000000100000000)
  region size 1024K, 49 young (50176K), 1 survivors (1024K)
 Metaspace       used 49689K, capacity 50971K, committed 51276K, reserved 1093632K
  class space    used 6397K, capacity 6869K, committed 6988K, reserved 1048576K
}
Event: 67.582 GC heap after
{Heap after GC invocations=29 (full 0):
 garbage-first heap   total 138240K, used 58407K [0x0000000080000000, 0x0000000100000000)
  region size 1024K, 2 young (2048K), 2 survivors (2048K)
 Metaspace       used 49689K, capacity 50971K, committed 51276K, reserved 1093632K
  class space    used 6397K, capacity 6869K, committed 6988K, reserved 1048576K
}
Event: 68.162 GC heap before
{Heap before GC invocations=29 (full 0):
 garbage-first heap   total 138240K, used 107559K [0x0000000080000000, 0x0000000100000000)
  region size 1024K, 50 young (51200K), 2 survivors (2048K)
 Metaspace       used 49689K, capacity 50971K, committed 51276K, reserved 1093632K
  class space    used 6397K, capacity 6869K, committed 6988K, reserved 1048576K
}
Event: 68.166 GC heap after
{Heap after GC invocations=30 (full 0):
 garbage-first heap   total 138240K, used 59006K [0x0000000080000000, 0x0000000100000000)
  region size 1024K, 2 young (2048K), 2 survivors (2048K)
 Metaspace       used 49689K, capacity 50971K, committed 51276K, reserved 1093632K
  class space    used 6397K, capacity 6869K, committed 6988K, reserved 1048576K
}
Event: 68.658 GC heap before
{Heap before GC invocations=30 (full 0):
 garbage-first heap   total 138240K, used 110206K [0x0000000080000000, 0x0000000100000000)
  region size 1024K, 52 young (53248K), 2 survivors (2048K)
 Metaspace       used 49689K, capacity 50971K, committed 51276K, reserved 1093632K
  class space    used 6397K, capacity 6869K, committed 6988K, reserved 1048576K
}
Event: 68.665 GC heap after
{Heap after GC invocations=31 (full 0):
 garbage-first heap   total 138240K, used 59613K [0x0000000080000000, 0x0000000100000000)
  region size 1024K, 3 young (3072K), 3 survivors (3072K)
 Metaspace       used 49689K, capacity 50971K, committed 51276K, reserved 1093632K
  class space    used 6397K, capacity 6869K, committed 6988K, reserved 1048576K
}
Event: 69.182 GC heap before
{Heap before GC invocations=31 (full 0):
 garbage-first heap   total 138240K, used 110813K [0x0000000080000000, 0x0000000100000000)
  region size 1024K, 53 young (54272K), 3 survivors (3072K)
 Metaspace       used 49689K, capacity 50971K, committed 51276K, reserved 1093632K
  class space    used 6397K, capacity 6869K, committed 6988K, reserved 1048576K
}
Event: 69.187 GC heap after
{Heap after GC invocations=32 (full 0):
 garbage-first heap   total 138240K, used 59867K [0x0000000080000000, 0x0000000100000000)
  region size 1024K, 3 young (3072K), 3 survivors (3072K)
 Metaspace       used 49689K, capacity 50971K, committed 51276K, reserved 1093632K
  class space    used 6397K, capacity 6869K, committed 6988K, reserved 1048576K
}
Event: 69.606 GC heap before
{Heap before GC invocations=32 (full 0):
 garbage-first heap   total 138240K, used 112091K [0x0000000080000000, 0x0000000100000000)
  region size 1024K, 54 young (55296K), 3 survivors (3072K)
 Metaspace       used 49690K, capacity 50971K, committed 51276K, reserved 1093632K
  class space    used 6397K, capacity 6869K, committed 6988K, reserved 1048576K
}
Event: 69.615 GC heap after
{Heap after GC invocations=33 (full 0):
 garbage-first heap   total 165888K, used 60428K [0x0000000080000000, 0x0000000100000000)
  region size 1024K, 4 young (4096K), 4 survivors (4096K)
 Metaspace       used 49690K, capacity 50971K, committed 51276K, reserved 1093632K
  class space    used 6397K, capacity 6869K, committed 6988K, reserved 1048576K
}
Event: 70.177 GC heap before
{Heap before GC invocations=33 (full 0):
 garbage-first heap   total 165888K, used 120844K [0x0000000080000000, 0x0000000100000000)
  region size 1024K, 63 young (64512K), 4 survivors (4096K)
 Metaspace       used 49690K, capacity 50971K, committed 51276K, reserved 1093632K
  class space    used 6397K, capacity 6869K, committed 6988K, reserved 1048576K
}
Event: 70.184 GC heap after
{Heap after GC invocations=34 (full 0):
 garbage-first heap   total 165888K, used 60663K [0x0000000080000000, 0x0000000100000000)
  region size 1024K, 4 young (4096K), 4 survivors (4096K)
 Metaspace       used 49690K, capacity 50971K, committed 51276K, reserved 1093632K
  class space    used 6397K, capacity 6869K, committed 6988K, reserved 1048576K
}
Event: 70.753 GC heap before
{Heap before GC invocations=34 (full 0):
 garbage-first heap   total 165888K, used 134391K [0x0000000080000000, 0x0000000100000000)
  region size 1024K, 76 young (77824K), 4 survivors (4096K)
 Metaspace       used 49690K, capacity 50971K, committed 51276K, reserved 1093632K
  class space    used 6397K, capacity 6869K, committed 6988K, reserved 1048576K
}
Event: 70.761 GC heap after
{Heap after GC invocations=35 (full 0):
 garbage-first heap   total 165888K, used 61441K [0x0000000080000000, 0x0000000100000000)
  region size 1024K, 5 young (5120K), 5 survivors (5120K)
 Metaspace       used 49690K, capacity 50971K, committed 51276K, reserved 1093632K
  class space    used 6397K, capacity 6869K, committed 6988K, reserved 1048576K
}
Event: 71.443 GC heap before
{Heap before GC invocations=35 (full 0):
 garbage-first heap   total 165888K, used 137217K [0x0000000080000000, 0x0000000100000000)
  region size 1024K, 79 young (80896K), 5 survivors (5120K)
 Metaspace       used 49691K, capacity 50971K, committed 51276K, reserved 1093632K
  class space    used 6397K, capacity 6869K, committed 6988K, reserved 1048576K
}
Event: 71.450 GC heap after
{Heap after GC invocations=36 (full 0):
 garbage-first heap   total 165888K, used 58073K [0x0000000080000000, 0x0000000100000000)
  region size 1024K, 5 young (5120K), 5 survivors (5120K)
 Metaspace       used 49691K, capacity 50971K, committed 51276K, reserved 1093632K
  class space    used 6397K, capacity 6869K, committed 6988K, reserved 1048576K
}
Event: 72.689 GC heap before
{Heap before GC invocations=36 (full 0):
 garbage-first heap   total 165888K, used 144089K [0x0000000080000000, 0x0000000100000000)
  region size 1024K, 86 young (88064K), 5 survivors (5120K)
 Metaspace       used 49843K, capacity 51080K, committed 51276K, reserved 1093632K
  class space    used 6420K, capacity 6883K, committed 6988K, reserved 1048576K
}

